#
# There is insufficient memory for the Java Runtime Environment to continue.
# Native memory allocation (malloc) failed to allocate 913056 bytes for Chunk::new
# Possible reasons:
#   The system is out of physical RAM or swap space
#   The process is running with CompressedOops enabled, and the Java Heap may be blocking the growth of the native heap
# Possible solutions:
#   Reduce memory load on the system
#   Increase physical memory or swap space
#   Check if swap backing store is full
#   Decrease Java heap size (-Xmx/-Xms)
#   Decrease number of Java threads
#   Decrease Java thread stack sizes (-Xss)
#   Set larger code cache with -XX:ReservedCodeCacheSize=
#   JVM is running with Unscaled Compressed Oops mode in which the Java heap is
#     placed in the first 4GB address space. The Java Heap base address is the
#     maximum limit for the native heap growth. Please use -XX:HeapBaseMinAddress
#     to set the Java Heap base and to place the Java Heap above 4GB virtual address.
# This output file may be truncated or incomplete.
#
#  Out of Memory Error (arena.cpp:197), pid=28224, tid=23792
#
# JRE version: OpenJDK Runtime Environment OpenLogic-OpenJDK (11.0.20+8) (build 11.0.20+8-adhoc..jdk11u)
# Java VM: OpenJDK 64-Bit Server VM OpenLogic-OpenJDK (11.0.20+8-adhoc..jdk11u, mixed mode, tiered, compressed oops, g1 gc, windows-amd64)
# No core dump will be written. Minidumps are not enabled by default on client versions of Windows
#

---------------  S U M M A R Y ------------

Command Line: -javaagent:C:\Program Files\JetBrains\IntelliJ IDEA Community Edition 2022.3.3\lib\idea_rt.jar=12568:C:\Program Files\JetBrains\IntelliJ IDEA Community Edition 2022.3.3\bin -Dfile.encoding=UTF-8 Demo.HomeOverallProcessing

Host: Intel(R) Core(TM) i7-10510U CPU @ 1.80GHz, 8 cores, 7G,  Windows 11 , 64 bit Build 22621 (10.0.22621.3374)
Time: Wed May  1 22:21:33 2024  Windows 11 , 64 bit Build 22621 (10.0.22621.3374) elapsed time: 228.492231 seconds (0d 0h 3m 48s)

---------------  T H R E A D  ---------------

Current thread (0x000001f7fc24e000):  JavaThread "C2 CompilerThread0" daemon [_thread_in_native, id=23792, stack(0x000000dad1900000,0x000000dad1a00000)]


Current CompileTask:
C2: 228492 15050       4       org.apache.spark.sql.catalyst.expressions.codegen.GenerateUnsafeProjection$::$anonfun$writeExpressionsToBuffer$3 (496 bytes)

Stack: [0x000000dad1900000,0x000000dad1a00000]
Native frames: (J=compiled Java code, j=interpreted, Vv=VM code, C=native code)
V  [jvm.dll+0x64135a]
V  [jvm.dll+0x785e99]
V  [jvm.dll+0x787599]
V  [jvm.dll+0x787c83]
V  [jvm.dll+0x267ff5]
V  [jvm.dll+0xc0afc]
V  [jvm.dll+0xc10ac]
V  [jvm.dll+0x2d9e52]
V  [jvm.dll+0x54e1e6]
V  [jvm.dll+0x228ce1]
V  [jvm.dll+0x222519]
V  [jvm.dll+0x21f064]
V  [jvm.dll+0x19caf1]
V  [jvm.dll+0x22f129]
V  [jvm.dll+0x22d29f]
V  [jvm.dll+0x747251]
V  [jvm.dll+0x73ff84]
V  [jvm.dll+0x640115]
C  [ucrtbase.dll+0x29333]
C  [KERNEL32.DLL+0x1257d]
C  [ntdll.dll+0x5aa48]


---------------  P R O C E S S  ---------------

Threads class SMR info:
_java_thread_list=0x000001f783ba0460, length=102, elements={
0x000001f7db6f6000, 0x000001f7fb9d1800, 0x000001f7fb9c7800, 0x000001f7fc246800,
0x000001f7fc247000, 0x000001f7fc24a000, 0x000001f7fc24e000, 0x000001f7fc259000,
0x000001f7fc2b1800, 0x000001f7fc4e4000, 0x000001f7fcdac000, 0x000001f7fc81a000,
0x000001f7fe57f000, 0x000001f7fe30f000, 0x000001f7fea7d800, 0x000001f7fd1cd800,
0x000001f7fe5f7800, 0x000001f7fd1b4000, 0x000001f7fdec0800, 0x000001f7fce49800,
0x000001f7fc55b800, 0x000001f7fc55a000, 0x000001f7fc557000, 0x000001f7fc559800,
0x000001f7fc557800, 0x000001f7fc55d800, 0x000001f7fc55b000, 0x000001f7fc55c800,
0x000001f7fc558800, 0x000001f7fd81c000, 0x000001f7fd819000, 0x000001f7fd81a800,
0x000001f7fd819800, 0x000001f7fd81b800, 0x000001f7fd817800, 0x000001f7fd81d000,
0x000001f7fd81e000, 0x000001f7fd818000, 0x000001f7fd81f800, 0x000001f7fd822000,
0x000001f7fd822800, 0x000001f7fd824800, 0x000001f7fd823800, 0x000001f7fd81e800,
0x000001f7fd825000, 0x000001f7fd820000, 0x000001f7fd826000, 0x000001f7fd821000,
0x000001f7ff0a2800, 0x000001f7ff0a3000, 0x000001f7ff09d800, 0x000001f7ff09e800,
0x000001f7ff09f000, 0x000001f7ff0a0000, 0x000001f7ff0a1800, 0x000001f7ff0a4000,
0x000001f7ff0a5000, 0x000001f7ff0a5800, 0x000001f7ff0a6800, 0x000001f7ff0a0800,
0x000001f7ff0aa800, 0x000001f7ff0ab800, 0x000001f7ff0ac000, 0x000001f7ff0a9800,
0x000001f7ff0a8000, 0x000001f7ff0a7800, 0x000001f7ff0a9000, 0x000001f7813b6800,
0x000001f7813b1800, 0x000001f7813b9000, 0x000001f7813b8000, 0x000001f7813b5000,
0x000001f7813bc000, 0x000001f7813bf800, 0x000001f7813b4000, 0x000001f7813b7800,
0x000001f7813b5800, 0x000001f7813b2800, 0x000001f7813b3800, 0x000001f7813bd000,
0x000001f7813be000, 0x000001f7813be800, 0x000001f7813ba000, 0x000001f7813c0800,
0x000001f7813ba800, 0x000001f7813bb800, 0x000001f78149b000, 0x000001f78149d800,
0x000001f78149f000, 0x000001f78149e000, 0x000001f78149f800, 0x000001f7814a0800,
0x000001f7814a1800, 0x000001f78149b800, 0x000001f78149c800, 0x000001f7814a8000,
0x000001f7814a2000, 0x000001f7814a4800, 0x000001f7814a4000, 0x000001f7814a3000,
0x000001f7814a5800, 0x000001f7814a6800
}

Java Threads: ( => current thread )
  0x000001f7db6f6000 JavaThread "main" [_thread_blocked, id=13804, stack(0x000000dad0c00000,0x000000dad0d00000)]
  0x000001f7fb9d1800 JavaThread "Reference Handler" daemon [_thread_blocked, id=26504, stack(0x000000dad1400000,0x000000dad1500000)]
  0x000001f7fb9c7800 JavaThread "Finalizer" daemon [_thread_blocked, id=26124, stack(0x000000dad1500000,0x000000dad1600000)]
  0x000001f7fc246800 JavaThread "Signal Dispatcher" daemon [_thread_blocked, id=30356, stack(0x000000dad1600000,0x000000dad1700000)]
  0x000001f7fc247000 JavaThread "Attach Listener" daemon [_thread_blocked, id=4520, stack(0x000000dad1700000,0x000000dad1800000)]
  0x000001f7fc24a000 JavaThread "Service Thread" daemon [_thread_blocked, id=27080, stack(0x000000dad1800000,0x000000dad1900000)]
=>0x000001f7fc24e000 JavaThread "C2 CompilerThread0" daemon [_thread_in_native, id=23792, stack(0x000000dad1900000,0x000000dad1a00000)]
  0x000001f7fc259000 JavaThread "C1 CompilerThread0" daemon [_thread_blocked, id=25208, stack(0x000000dad1a00000,0x000000dad1b00000)]
  0x000001f7fc2b1800 JavaThread "Sweeper thread" daemon [_thread_blocked, id=18932, stack(0x000000dad1b00000,0x000000dad1c00000)]
  0x000001f7fc4e4000 JavaThread "Common-Cleaner" daemon [_thread_blocked, id=14216, stack(0x000000dad1c00000,0x000000dad1d00000)]
  0x000001f7fcdac000 JavaThread "Monitor Ctrl-Break" daemon [_thread_in_native, id=24796, stack(0x000000dad1d00000,0x000000dad1e00000)]
  0x000001f7fc81a000 JavaThread "rpc-boss-3-1" daemon [_thread_in_native, id=13892, stack(0x000000dad2200000,0x000000dad2300000)]
  0x000001f7fe57f000 JavaThread "dispatcher-event-loop-0" daemon [_thread_blocked, id=11136, stack(0x000000dad2300000,0x000000dad2400000)]
  0x000001f7fe30f000 JavaThread "dispatcher-event-loop-1" daemon [_thread_blocked, id=27604, stack(0x000000dad2400000,0x000000dad2500000)]
  0x000001f7fea7d800 JavaThread "dispatcher-event-loop-2" daemon [_thread_blocked, id=24960, stack(0x000000dad2500000,0x000000dad2600000)]
  0x000001f7fd1cd800 JavaThread "dispatcher-event-loop-3" daemon [_thread_blocked, id=9372, stack(0x000000dad2600000,0x000000dad2700000)]
  0x000001f7fe5f7800 JavaThread "dispatcher-event-loop-4" daemon [_thread_blocked, id=25120, stack(0x000000dad2700000,0x000000dad2800000)]
  0x000001f7fd1b4000 JavaThread "dispatcher-event-loop-5" daemon [_thread_blocked, id=30136, stack(0x000000dad2800000,0x000000dad2900000)]
  0x000001f7fdec0800 JavaThread "dispatcher-event-loop-6" daemon [_thread_blocked, id=28160, stack(0x000000dad2900000,0x000000dad2a00000)]
  0x000001f7fce49800 JavaThread "dispatcher-event-loop-7" daemon [_thread_blocked, id=30024, stack(0x000000dad2a00000,0x000000dad2b00000)]
  0x000001f7fc55b800 JavaThread "map-output-dispatcher-0" daemon [_thread_blocked, id=28128, stack(0x000000dad2b00000,0x000000dad2c00000)]
  0x000001f7fc55a000 JavaThread "map-output-dispatcher-1" daemon [_thread_blocked, id=30212, stack(0x000000dad2c00000,0x000000dad2d00000)]
  0x000001f7fc557000 JavaThread "map-output-dispatcher-2" daemon [_thread_blocked, id=26744, stack(0x000000dad2d00000,0x000000dad2e00000)]
  0x000001f7fc559800 JavaThread "map-output-dispatcher-3" daemon [_thread_blocked, id=4636, stack(0x000000dad2e00000,0x000000dad2f00000)]
  0x000001f7fc557800 JavaThread "map-output-dispatcher-4" daemon [_thread_blocked, id=29732, stack(0x000000dad2f00000,0x000000dad3000000)]
  0x000001f7fc55d800 JavaThread "map-output-dispatcher-5" daemon [_thread_blocked, id=26688, stack(0x000000dad3000000,0x000000dad3100000)]
  0x000001f7fc55b000 JavaThread "map-output-dispatcher-6" daemon [_thread_blocked, id=25428, stack(0x000000dad3100000,0x000000dad3200000)]
  0x000001f7fc55c800 JavaThread "map-output-dispatcher-7" daemon [_thread_blocked, id=29728, stack(0x000000dad3200000,0x000000dad3300000)]
  0x000001f7fc558800 JavaThread "dispatcher-BlockManagerMaster" daemon [_thread_blocked, id=9304, stack(0x000000dad3300000,0x000000dad3400000)]
  0x000001f7fd81c000 JavaThread "dispatcher-BlockManagerEndpoint1" daemon [_thread_blocked, id=9836, stack(0x000000dad3400000,0x000000dad3500000)]
  0x000001f7fd819000 JavaThread "RemoteBlock-temp-file-clean-thread" daemon [_thread_blocked, id=24596, stack(0x000000dad3500000,0x000000dad3600000)]
  0x000001f7fd81a800 JavaThread "SparkUI-37-acceptor-0@664517fb-Spark@6882f543{HTTP/1.1,[http/1.1]}{0.0.0.0:4041}" daemon [_thread_in_native, id=1064, stack(0x000000dad3600000,0x000000dad3700000)]
  0x000001f7fd819800 JavaThread "SparkUI-38" daemon [_thread_blocked, id=17900, stack(0x000000dad3700000,0x000000dad3800000)]
  0x000001f7fd81b800 JavaThread "SparkUI-39" daemon [_thread_in_native, id=20088, stack(0x000000dad3800000,0x000000dad3900000)]
  0x000001f7fd817800 JavaThread "SparkUI-40" daemon [_thread_in_native, id=29544, stack(0x000000dad3900000,0x000000dad3a00000)]
  0x000001f7fd81d000 JavaThread "SparkUI-41" daemon [_thread_blocked, id=2264, stack(0x000000dad3a00000,0x000000dad3b00000)]
  0x000001f7fd81e000 JavaThread "SparkUI-42" daemon [_thread_blocked, id=30068, stack(0x000000dad3b00000,0x000000dad3c00000)]
  0x000001f7fd818000 JavaThread "SparkUI-43" daemon [_thread_in_native, id=25124, stack(0x000000dad3c00000,0x000000dad3d00000)]
  0x000001f7fd81f800 JavaThread "SparkUI-44" daemon [_thread_in_native, id=23592, stack(0x000000dad3d00000,0x000000dad3e00000)]
  0x000001f7fd822000 JavaThread "heartbeat-receiver-event-loop-thread" daemon [_thread_blocked, id=29284, stack(0x000000dad3e00000,0x000000dad3f00000)]
  0x000001f7fd822800 JavaThread "Timer-0" daemon [_thread_blocked, id=11004, stack(0x000000dad3f00000,0x000000dad4000000)]
  0x000001f7fd824800 JavaThread "Timer-1" daemon [_thread_blocked, id=16956, stack(0x000000dad4000000,0x000000dad4100000)]
  0x000001f7fd823800 JavaThread "netty-rpc-env-timeout" daemon [_thread_blocked, id=25296, stack(0x000000dad4100000,0x000000dad4200000)]
  0x000001f7fd81e800 JavaThread "dag-scheduler-event-loop" daemon [_thread_blocked, id=30576, stack(0x000000dad4200000,0x000000dad4300000)]
  0x000001f7fd825000 JavaThread "driver-heartbeater" daemon [_thread_blocked, id=18996, stack(0x000000dad4300000,0x000000dad4400000)]
  0x000001f7fd820000 JavaThread "executor-heartbeater" daemon [_thread_blocked, id=16168, stack(0x000000dad4400000,0x000000dad4500000)]
  0x000001f7fd826000 JavaThread "shuffle-boss-6-1" daemon [_thread_in_native, id=16544, stack(0x000000dad4500000,0x000000dad4600000)]
  0x000001f7fd821000 JavaThread "Spark Context Cleaner" daemon [_thread_blocked, id=20696, stack(0x000000dad4600000,0x000000dad4700000)]
  0x000001f7ff0a2800 JavaThread "context-cleaner-periodic-gc" daemon [_thread_blocked, id=30664, stack(0x000000dad4700000,0x000000dad4800000)]
  0x000001f7ff0a3000 JavaThread "spark-listener-group-appStatus" daemon [_thread_blocked, id=29012, stack(0x000000dad4800000,0x000000dad4900000)]
  0x000001f7ff09d800 JavaThread "spark-listener-group-executorManagement" daemon [_thread_blocked, id=28052, stack(0x000000dad4900000,0x000000dad4a00000)]
  0x000001f7ff09e800 JavaThread "element-tracking-store-worker" daemon [_thread_blocked, id=29784, stack(0x000000dad4a00000,0x000000dad4b00000)]
  0x000001f7ff09f000 JavaThread "spark-listener-group-shared" daemon [_thread_blocked, id=23068, stack(0x000000dad4b00000,0x000000dad4c00000)]
  0x000001f7ff0a0000 JavaThread "spark-listener-group-streams" daemon [_thread_blocked, id=12488, stack(0x000000dad4e00000,0x000000dad4f00000)]
  0x000001f7ff0a1800 JavaThread "org.apache.hadoop.fs.FileSystem$Statistics$StatisticsDataReferenceCleaner" daemon [_thread_blocked, id=13824, stack(0x000000dad4f00000,0x000000dad5000000)]
  0x000001f7ff0a4000 JavaThread "stream execution thread for [id = 343dd14d-f03c-44a7-9874-cbf1acb46d64, runId = f1474084-59df-42d0-a01e-758ba741f4e9]" daemon [_thread_blocked, id=11828, stack(0x000000dad5000000,0x000000dad5100000)]
  0x000001f7ff0a5000 JavaThread "Executor task launch worker for task 333" daemon [_thread_in_native, id=11208, stack(0x000000dad0b00000,0x000000dad0c00000)]
  0x000001f7ff0a5800 JavaThread "commons-pool-evictor-thread" daemon [_thread_blocked, id=6888, stack(0x000000dad5100000,0x000000dad5200000)]
  0x000001f7ff0a6800 JavaThread "kafka-fetched-data-cache-evictor" daemon [_thread_blocked, id=25716, stack(0x000000dad5200000,0x000000dad5300000)]
  0x000001f7ff0a0800 JavaThread "task-result-getter-0" daemon [_thread_blocked, id=28436, stack(0x000000dad5400000,0x000000dad5500000)]
  0x000001f7ff0aa800 JavaThread "Executor task launch worker for task 328" daemon [_thread_in_native, id=2068, stack(0x000000dad5500000,0x000000dad5600000)]
  0x000001f7ff0ab800 JavaThread "Executor task launch worker for task 276" daemon [_thread_blocked, id=20516, stack(0x000000dad5600000,0x000000dad5700000)]
  0x000001f7ff0ac000 JavaThread "Executor task launch worker for task 337" daemon [_thread_blocked, id=25512, stack(0x000000dad5700000,0x000000dad5800000)]
  0x000001f7ff0a9800 JavaThread "Executor task launch worker for task 335" daemon [_thread_blocked, id=23492, stack(0x000000dad5800000,0x000000dad5900000)]
  0x000001f7ff0a8000 JavaThread "Executor task launch worker for task 331" daemon [_thread_in_native, id=24980, stack(0x000000dad5900000,0x000000dad5a00000)]
  0x000001f7ff0a7800 JavaThread "Executor task launch worker for task 334" daemon [_thread_blocked, id=4036, stack(0x000000dad5a00000,0x000000dad5b00000)]
  0x000001f7ff0a9000 JavaThread "Executor task launch worker for task 330" daemon [_thread_in_native, id=25636, stack(0x000000dad5b00000,0x000000dad5c00000)]
  0x000001f7813b6800 JavaThread "state-store-maintenance-task" daemon [_thread_blocked, id=29844, stack(0x000000dad6100000,0x000000dad6200000)]
  0x000001f7813b1800 JavaThread "task-result-getter-1" daemon [_thread_blocked, id=30628, stack(0x000000dad6400000,0x000000dad6500000)]
  0x000001f7813b9000 JavaThread "task-result-getter-2" daemon [_thread_blocked, id=30300, stack(0x000000dad6200000,0x000000dad6300000)]
  0x000001f7813b8000 JavaThread "kafka-producer-cache-evictor" daemon [_thread_blocked, id=28056, stack(0x000000dad6300000,0x000000dad6400000)]
  0x000001f7813b5000 JavaThread "kafka-producer-network-thread | producer-1" daemon [_thread_in_native, id=29672, stack(0x000000dad6600000,0x000000dad6700000)]
  0x000001f7813bc000 JavaThread "task-result-getter-3" daemon [_thread_blocked, id=28388, stack(0x000000dad6a00000,0x000000dad6b00000)]
  0x000001f7813bf800 JavaThread "Executor task launch worker for task 336" daemon [_thread_blocked, id=30584, stack(0x000000dad6900000,0x000000dad6a00000)]
  0x000001f7813b4000 JavaThread "kafka-coordinator-heartbeat-thread | spark-kafka-source-05781ec2-949e-4d7d-92e7-55767e938e23-2128398419-driver-0" daemon [_thread_blocked, id=29612, stack(0x000000dad0d00000,0x000000dad0e00000)]
  0x000001f7813b7800 JavaThread "block-manager-slave-async-thread-pool-3" daemon [_thread_blocked, id=13200, stack(0x000000dad4d00000,0x000000dad4e00000)]
  0x000001f7813b5800 JavaThread "block-manager-slave-async-thread-pool-4" daemon [_thread_blocked, id=11612, stack(0x000000dad5c00000,0x000000dad5d00000)]
  0x000001f7813b2800 JavaThread "block-manager-slave-async-thread-pool-5" daemon [_thread_blocked, id=12684, stack(0x000000dad5d00000,0x000000dad5e00000)]
  0x000001f7813b3800 JavaThread "block-manager-ask-thread-pool-2" daemon [_thread_blocked, id=29676, stack(0x000000dad5e00000,0x000000dad5f00000)]
  0x000001f7813bd000 JavaThread "block-manager-ask-thread-pool-3" daemon [_thread_blocked, id=29024, stack(0x000000dad5f00000,0x000000dad6000000)]
  0x000001f7813be000 JavaThread "block-manager-slave-async-thread-pool-6" daemon [_thread_blocked, id=29384, stack(0x000000dad6000000,0x000000dad6100000)]
  0x000001f7813be800 JavaThread "block-manager-slave-async-thread-pool-7" daemon [_thread_blocked, id=26976, stack(0x000000dad6500000,0x000000dad6600000)]
  0x000001f7813ba000 JavaThread "block-manager-slave-async-thread-pool-8" daemon [_thread_blocked, id=30160, stack(0x000000dad6700000,0x000000dad6800000)]
  0x000001f7813c0800 JavaThread "block-manager-ask-thread-pool-4" daemon [_thread_blocked, id=25680, stack(0x000000dad6800000,0x000000dad6900000)]
  0x000001f7813ba800 JavaThread "block-manager-ask-thread-pool-5" daemon [_thread_blocked, id=23784, stack(0x000000dad6b00000,0x000000dad6c00000)]
  0x000001f7813bb800 JavaThread "block-manager-slave-async-thread-pool-9" daemon [_thread_blocked, id=22300, stack(0x000000dad6c00000,0x000000dad6d00000)]
  0x000001f78149b000 JavaThread "block-manager-slave-async-thread-pool-10" daemon [_thread_blocked, id=24532, stack(0x000000dad6d00000,0x000000dad6e00000)]
  0x000001f78149d800 JavaThread "block-manager-slave-async-thread-pool-11" daemon [_thread_blocked, id=16084, stack(0x000000dad6e00000,0x000000dad6f00000)]
  0x000001f78149f000 JavaThread "block-manager-slave-async-thread-pool-12" daemon [_thread_blocked, id=20692, stack(0x000000dad6f00000,0x000000dad7000000)]
  0x000001f78149e000 JavaThread "block-manager-ask-thread-pool-6" daemon [_thread_blocked, id=30288, stack(0x000000dad7000000,0x000000dad7100000)]
  0x000001f78149f800 JavaThread "block-manager-slave-async-thread-pool-13" daemon [_thread_blocked, id=22324, stack(0x000000dad7100000,0x000000dad7200000)]
  0x000001f7814a0800 JavaThread "block-manager-slave-async-thread-pool-14" daemon [_thread_blocked, id=28140, stack(0x000000dad7200000,0x000000dad7300000)]
  0x000001f7814a1800 JavaThread "block-manager-ask-thread-pool-7" daemon [_thread_blocked, id=24632, stack(0x000000dad7300000,0x000000dad7400000)]
  0x000001f78149b800 JavaThread "block-manager-ask-thread-pool-8" daemon [_thread_blocked, id=10040, stack(0x000000dad7400000,0x000000dad7500000)]
  0x000001f78149c800 JavaThread "block-manager-slave-async-thread-pool-15" daemon [_thread_blocked, id=25128, stack(0x000000dad7500000,0x000000dad7600000)]
  0x000001f7814a8000 JavaThread "block-manager-slave-async-thread-pool-16" daemon [_thread_blocked, id=3812, stack(0x000000dad7900000,0x000000dad7a00000)]
  0x000001f7814a2000 JavaThread "block-manager-slave-async-thread-pool-17" daemon [_thread_blocked, id=28836, stack(0x000000dad7b00000,0x000000dad7c00000)]
  0x000001f7814a4800 JavaThread "block-manager-ask-thread-pool-9" daemon [_thread_blocked, id=25488, stack(0x000000dad7c00000,0x000000dad7d00000)]
  0x000001f7814a4000 JavaThread "block-manager-ask-thread-pool-10" daemon [_thread_blocked, id=24988, stack(0x000000dad7f00000,0x000000dad8000000)]
  0x000001f7814a3000 JavaThread "Thread-1339" daemon [_thread_in_native, id=29632, stack(0x000000dad7600000,0x000000dad7700000)]
  0x000001f7814a5800 JavaThread "Thread-1340" daemon [_thread_in_native, id=30264, stack(0x000000dad4c00000,0x000000dad4d00000)]
  0x000001f7814a6800 JavaThread "Thread-1341" daemon [_thread_in_native, id=15668, stack(0x000000dad7700000,0x000000dad7800000)]

Other Threads:
  0x000001f7fb9bd800 VMThread "VM Thread" [stack: 0x000000dad1300000,0x000000dad1400000] [id=30404]
  0x000001f7fcefa800 WatcherThread [stack: 0x000000dad1e00000,0x000000dad1f00000] [id=1804]
  0x000001f7db70e000 GCTaskThread "GC Thread#0" [stack: 0x000000dad0e00000,0x000000dad0f00000] [id=19076]
  0x000001f7fe79a000 GCTaskThread "GC Thread#1" [stack: 0x000000dad1f00000,0x000000dad2000000] [id=25092]
  0x000001f7fd6cc000 GCTaskThread "GC Thread#2" [stack: 0x000000dad2000000,0x000000dad2100000] [id=30484]
  0x000001f7db73f000 ConcurrentGCThread "G1 Main Marker" [stack: 0x000000dad0f00000,0x000000dad1000000] [id=27540]
  0x000001f7db740800 ConcurrentGCThread "G1 Conc#0" [stack: 0x000000dad1000000,0x000000dad1100000] [id=26260]
  0x000001f7fec62800 ConcurrentGCThread "G1 Conc#1" [stack: 0x000000dad2100000,0x000000dad2200000] [id=26600]
  0x000001f7fb826800 ConcurrentGCThread "G1 Refine#0" [stack: 0x000000dad1100000,0x000000dad1200000] [id=12808]
  0x000001f7fb827800 ConcurrentGCThread "G1 Young RemSet Sampling" [stack: 0x000000dad1200000,0x000000dad1300000] [id=13412]

Threads with active compile tasks:
C2 CompilerThread0   228567 15050       4       org.apache.spark.sql.catalyst.expressions.codegen.GenerateUnsafeProjection$::$anonfun$writeExpressionsToBuffer$3 (496 bytes)

VM state:not at safepoint (normal execution)

VM Mutex/Monitor currently owned by a thread: None

Heap address: 0x0000000083200000, size: 1998 MB, Compressed Oops mode: 32-bit
Narrow klass base: 0x0000000000000000, Narrow klass shift: 3
Compressed class space size: 1073741824 Address: 0x0000000100000000

Heap:
 garbage-first heap   total 129024K, used 72462K [0x0000000083200000, 0x0000000100000000)
  region size 1024K, 9 young (9216K), 3 survivors (3072K)
 Metaspace       used 119007K, capacity 125421K, committed 125908K, reserved 1155072K
  class space    used 16349K, capacity 19439K, committed 19788K, reserved 1048576K
Heap Regions: E=young(eden), S=young(survivor), O=old, HS=humongous(starts), HC=humongous(continues), CS=collection set, F=free, A=archive, TAMS=top-at-mark-start (previous, next)
|   0|0x0000000083200000, 0x0000000083300000, 0x0000000083300000|100%| O|  |TAMS 0x0000000083300000, 0x0000000083200000| Untracked 
|   1|0x0000000083300000, 0x0000000083400000, 0x0000000083400000|100%| O|  |TAMS 0x0000000083400000, 0x0000000083300000| Untracked 
|   2|0x0000000083400000, 0x0000000083500000, 0x0000000083500000|100%| O|  |TAMS 0x0000000083500000, 0x0000000083400000| Untracked 
|   3|0x0000000083500000, 0x0000000083600000, 0x0000000083600000|100%| O|  |TAMS 0x0000000083600000, 0x0000000083500000| Untracked 
|   4|0x0000000083600000, 0x0000000083700000, 0x0000000083700000|100%| O|  |TAMS 0x0000000083700000, 0x0000000083600000| Untracked 
|   5|0x0000000083700000, 0x0000000083800000, 0x0000000083800000|100%| O|  |TAMS 0x0000000083800000, 0x0000000083700000| Untracked 
|   6|0x0000000083800000, 0x0000000083900000, 0x0000000083900000|100%| O|  |TAMS 0x0000000083900000, 0x0000000083800000| Untracked 
|   7|0x0000000083900000, 0x0000000083a00000, 0x0000000083a00000|100%| O|  |TAMS 0x0000000083a00000, 0x0000000083900000| Untracked 
|   8|0x0000000083a00000, 0x0000000083b00000, 0x0000000083b00000|100%| O|  |TAMS 0x0000000083b00000, 0x0000000083a00000| Untracked 
|   9|0x0000000083b00000, 0x0000000083c00000, 0x0000000083c00000|100%| O|  |TAMS 0x0000000083c00000, 0x0000000083b00000| Untracked 
|  10|0x0000000083c00000, 0x0000000083d00000, 0x0000000083d00000|100%| O|  |TAMS 0x0000000083d00000, 0x0000000083c00000| Untracked 
|  11|0x0000000083d00000, 0x0000000083e00000, 0x0000000083e00000|100%| O|  |TAMS 0x0000000083e00000, 0x0000000083d00000| Untracked 
|  12|0x0000000083e00000, 0x0000000083f00000, 0x0000000083f00000|100%| O|  |TAMS 0x0000000083f00000, 0x0000000083e00000| Untracked 
|  13|0x0000000083f00000, 0x0000000084000000, 0x0000000084000000|100%| O|  |TAMS 0x0000000084000000, 0x0000000083f00000| Untracked 
|  14|0x0000000084000000, 0x0000000084100000, 0x0000000084100000|100%| O|  |TAMS 0x0000000084100000, 0x0000000084000000| Untracked 
|  15|0x0000000084100000, 0x0000000084200000, 0x0000000084200000|100%| O|  |TAMS 0x0000000084200000, 0x0000000084100000| Untracked 
|  16|0x0000000084200000, 0x0000000084300000, 0x0000000084300000|100%| O|  |TAMS 0x0000000084300000, 0x0000000084200000| Untracked 
|  17|0x0000000084300000, 0x0000000084400000, 0x0000000084400000|100%| O|  |TAMS 0x0000000084400000, 0x0000000084300000| Untracked 
|  18|0x0000000084400000, 0x0000000084500000, 0x0000000084500000|100%| O|  |TAMS 0x0000000084500000, 0x0000000084400000| Untracked 
|  19|0x0000000084500000, 0x0000000084600000, 0x0000000084600000|100%| O|  |TAMS 0x0000000084600000, 0x0000000084500000| Untracked 
|  20|0x0000000084600000, 0x0000000084700000, 0x0000000084700000|100%| O|  |TAMS 0x0000000084700000, 0x0000000084600000| Untracked 
|  21|0x0000000084700000, 0x0000000084800000, 0x0000000084800000|100%| O|  |TAMS 0x0000000084800000, 0x0000000084700000| Untracked 
|  22|0x0000000084800000, 0x0000000084900000, 0x0000000084900000|100%| O|  |TAMS 0x0000000084900000, 0x0000000084800000| Untracked 
|  23|0x0000000084900000, 0x0000000084a00000, 0x0000000084a00000|100%| O|  |TAMS 0x0000000084a00000, 0x0000000084900000| Untracked 
|  24|0x0000000084a00000, 0x0000000084b00000, 0x0000000084b00000|100%|HS|  |TAMS 0x0000000084b00000, 0x0000000084a00000| Complete 
|  25|0x0000000084b00000, 0x0000000084c00000, 0x0000000084c00000|100%|HC|  |TAMS 0x0000000084c00000, 0x0000000084b00000| Complete 
|  26|0x0000000084c00000, 0x0000000084d00000, 0x0000000084d00000|100%|HC|  |TAMS 0x0000000084d00000, 0x0000000084c00000| Complete 
|  27|0x0000000084d00000, 0x0000000084e00000, 0x0000000084e00000|100%|HC|  |TAMS 0x0000000084e00000, 0x0000000084d00000| Complete 
|  28|0x0000000084e00000, 0x0000000084f00000, 0x0000000084f00000|100%|HC|  |TAMS 0x0000000084f00000, 0x0000000084e00000| Complete 
|  29|0x0000000084f00000, 0x0000000085000000, 0x0000000085000000|100%|HS|  |TAMS 0x0000000085000000, 0x0000000084f00000| Complete 
|  30|0x0000000085000000, 0x0000000085100000, 0x0000000085100000|100%|HC|  |TAMS 0x0000000085100000, 0x0000000085000000| Complete 
|  31|0x0000000085100000, 0x0000000085200000, 0x0000000085200000|100%|HC|  |TAMS 0x0000000085200000, 0x0000000085100000| Complete 
|  32|0x0000000085200000, 0x0000000085300000, 0x0000000085300000|100%|HC|  |TAMS 0x0000000085300000, 0x0000000085200000| Complete 
|  33|0x0000000085300000, 0x0000000085400000, 0x0000000085400000|100%|HC|  |TAMS 0x0000000085400000, 0x0000000085300000| Complete 
|  34|0x0000000085400000, 0x0000000085500000, 0x0000000085500000|100%|HS|  |TAMS 0x0000000085500000, 0x0000000085400000| Complete 
|  35|0x0000000085500000, 0x0000000085600000, 0x0000000085600000|100%|HC|  |TAMS 0x0000000085600000, 0x0000000085500000| Complete 
|  36|0x0000000085600000, 0x0000000085700000, 0x0000000085700000|100%|HC|  |TAMS 0x0000000085700000, 0x0000000085600000| Complete 
|  37|0x0000000085700000, 0x0000000085800000, 0x0000000085800000|100%|HC|  |TAMS 0x0000000085800000, 0x0000000085700000| Complete 
|  38|0x0000000085800000, 0x0000000085900000, 0x0000000085900000|100%|HC|  |TAMS 0x0000000085900000, 0x0000000085800000| Complete 
|  39|0x0000000085900000, 0x0000000085a00000, 0x0000000085a00000|100%| O|  |TAMS 0x0000000085a00000, 0x0000000085900000| Untracked 
|  40|0x0000000085a00000, 0x0000000085b00000, 0x0000000085b00000|100%| O|  |TAMS 0x0000000085b00000, 0x0000000085a00000| Untracked 
|  41|0x0000000085b00000, 0x0000000085c00000, 0x0000000085c00000|100%| O|  |TAMS 0x0000000085c00000, 0x0000000085b00000| Untracked 
|  42|0x0000000085c00000, 0x0000000085d00000, 0x0000000085d00000|100%| O|  |TAMS 0x0000000085d00000, 0x0000000085c00000| Untracked 
|  43|0x0000000085d00000, 0x0000000085e00000, 0x0000000085e00000|100%| O|  |TAMS 0x0000000085e00000, 0x0000000085d00000| Untracked 
|  44|0x0000000085e00000, 0x0000000085f00000, 0x0000000085f00000|100%| O|  |TAMS 0x0000000085f00000, 0x0000000085e00000| Untracked 
|  45|0x0000000085f00000, 0x0000000086000000, 0x0000000086000000|100%| O|  |TAMS 0x0000000086000000, 0x0000000085f00000| Untracked 
|  46|0x0000000086000000, 0x0000000086100000, 0x0000000086100000|100%| O|  |TAMS 0x0000000086100000, 0x0000000086000000| Untracked 
|  47|0x0000000086100000, 0x0000000086200000, 0x0000000086200000|100%| O|  |TAMS 0x0000000086200000, 0x0000000086100000| Untracked 
|  48|0x0000000086200000, 0x0000000086226200, 0x0000000086300000| 14%| O|  |TAMS 0x0000000086226200, 0x0000000086200000| Untracked 
|  49|0x0000000086300000, 0x0000000086300000, 0x0000000086400000|  0%| F|  |TAMS 0x0000000086300000, 0x0000000086300000| Untracked 
|  50|0x0000000086400000, 0x0000000086500000, 0x0000000086500000|100%| O|  |TAMS 0x0000000086500000, 0x0000000086400000| Untracked 
|  51|0x0000000086500000, 0x0000000086600000, 0x0000000086600000|100%|HS|  |TAMS 0x0000000086600000, 0x0000000086500000| Complete 
|  52|0x0000000086600000, 0x0000000086700000, 0x0000000086700000|100%|HC|  |TAMS 0x0000000086700000, 0x0000000086600000| Complete 
|  53|0x0000000086700000, 0x0000000086800000, 0x0000000086800000|100%|HC|  |TAMS 0x0000000086800000, 0x0000000086700000| Complete 
|  54|0x0000000086800000, 0x0000000086900000, 0x0000000086900000|100%|HC|  |TAMS 0x0000000086900000, 0x0000000086800000| Complete 
|  55|0x0000000086900000, 0x0000000086a00000, 0x0000000086a00000|100%|HC|  |TAMS 0x0000000086a00000, 0x0000000086900000| Complete 
|  56|0x0000000086a00000, 0x0000000086b00000, 0x0000000086b00000|100%| O|  |TAMS 0x0000000086b00000, 0x0000000086a00000| Untracked 
|  57|0x0000000086b00000, 0x0000000086c00000, 0x0000000086c00000|100%| O|  |TAMS 0x0000000086c00000, 0x0000000086b00000| Untracked 
|  58|0x0000000086c00000, 0x0000000086d00000, 0x0000000086d00000|100%| O|  |TAMS 0x0000000086d00000, 0x0000000086c00000| Untracked 
|  59|0x0000000086d00000, 0x0000000086e00000, 0x0000000086e00000|100%| O|  |TAMS 0x0000000086e00000, 0x0000000086d00000| Untracked 
|  60|0x0000000086e00000, 0x0000000086f00000, 0x0000000086f00000|100%| O|  |TAMS 0x0000000086f00000, 0x0000000086e00000| Untracked 
|  61|0x0000000086f00000, 0x0000000087000000, 0x0000000087000000|100%| O|  |TAMS 0x0000000087000000, 0x0000000086f00000| Untracked 
|  62|0x0000000087000000, 0x0000000087100000, 0x0000000087100000|100%| O|  |TAMS 0x0000000087100000, 0x0000000087000000| Untracked 
|  63|0x0000000087100000, 0x0000000087200000, 0x0000000087200000|100%| O|  |TAMS 0x0000000087200000, 0x0000000087100000| Untracked 
|  64|0x0000000087200000, 0x0000000087300000, 0x0000000087300000|100%| O|  |TAMS 0x0000000087300000, 0x0000000087200000| Untracked 
|  65|0x0000000087300000, 0x0000000087400000, 0x0000000087400000|100%| O|  |TAMS 0x0000000087400000, 0x0000000087300000| Untracked 
|  66|0x0000000087400000, 0x0000000087400000, 0x0000000087500000|  0%| F|  |TAMS 0x0000000087400000, 0x0000000087400000| Untracked 
|  67|0x0000000087500000, 0x0000000087500000, 0x0000000087600000|  0%| F|  |TAMS 0x0000000087500000, 0x0000000087500000| Untracked 
|  68|0x0000000087600000, 0x0000000087600000, 0x0000000087700000|  0%| F|  |TAMS 0x0000000087600000, 0x0000000087600000| Untracked 
|  69|0x0000000087700000, 0x0000000087700000, 0x0000000087800000|  0%| F|  |TAMS 0x0000000087700000, 0x0000000087700000| Untracked 
|  70|0x0000000087800000, 0x0000000087800000, 0x0000000087900000|  0%| F|  |TAMS 0x0000000087800000, 0x0000000087800000| Untracked 
|  71|0x0000000087900000, 0x0000000087900000, 0x0000000087a00000|  0%| F|  |TAMS 0x0000000087900000, 0x0000000087900000| Untracked 
|  72|0x0000000087a00000, 0x0000000087a00000, 0x0000000087b00000|  0%| F|  |TAMS 0x0000000087a00000, 0x0000000087a00000| Untracked 
|  73|0x0000000087b00000, 0x0000000087b00000, 0x0000000087c00000|  0%| F|  |TAMS 0x0000000087b00000, 0x0000000087b00000| Untracked 
|  74|0x0000000087c00000, 0x0000000087c00000, 0x0000000087d00000|  0%| F|  |TAMS 0x0000000087c00000, 0x0000000087c00000| Untracked 
|  75|0x0000000087d00000, 0x0000000087d00000, 0x0000000087e00000|  0%| F|  |TAMS 0x0000000087d00000, 0x0000000087d00000| Untracked 
|  76|0x0000000087e00000, 0x0000000087e00000, 0x0000000087f00000|  0%| F|  |TAMS 0x0000000087e00000, 0x0000000087e00000| Untracked 
|  77|0x0000000087f00000, 0x0000000087f00000, 0x0000000088000000|  0%| F|  |TAMS 0x0000000087f00000, 0x0000000087f00000| Untracked 
|  78|0x0000000088000000, 0x0000000088000000, 0x0000000088100000|  0%| F|  |TAMS 0x0000000088000000, 0x0000000088000000| Untracked 
|  79|0x0000000088100000, 0x0000000088100000, 0x0000000088200000|  0%| F|  |TAMS 0x0000000088100000, 0x0000000088100000| Untracked 
|  80|0x0000000088200000, 0x0000000088200000, 0x0000000088300000|  0%| F|  |TAMS 0x0000000088200000, 0x0000000088200000| Untracked 
|  81|0x0000000088300000, 0x0000000088300000, 0x0000000088400000|  0%| F|  |TAMS 0x0000000088300000, 0x0000000088300000| Untracked 
|  82|0x0000000088400000, 0x0000000088400000, 0x0000000088500000|  0%| F|  |TAMS 0x0000000088400000, 0x0000000088400000| Untracked 
|  83|0x0000000088500000, 0x0000000088500000, 0x0000000088600000|  0%| F|  |TAMS 0x0000000088500000, 0x0000000088500000| Untracked 
|  84|0x0000000088600000, 0x0000000088600000, 0x0000000088700000|  0%| F|  |TAMS 0x0000000088600000, 0x0000000088600000| Untracked 
|  85|0x0000000088700000, 0x0000000088700000, 0x0000000088800000|  0%| F|  |TAMS 0x0000000088700000, 0x0000000088700000| Untracked 
|  86|0x0000000088800000, 0x000000008889d898, 0x0000000088900000| 61%| S|CS|TAMS 0x0000000088800000, 0x0000000088800000| Complete 
|  87|0x0000000088900000, 0x0000000088900000, 0x0000000088a00000|  0%| F|  |TAMS 0x0000000088900000, 0x0000000088900000| Untracked 
|  88|0x0000000088a00000, 0x0000000088b00000, 0x0000000088b00000|100%| S|CS|TAMS 0x0000000088a00000, 0x0000000088a00000| Complete 
|  89|0x0000000088b00000, 0x0000000088c00000, 0x0000000088c00000|100%| S|CS|TAMS 0x0000000088b00000, 0x0000000088b00000| Complete 
|  90|0x0000000088c00000, 0x0000000088c00000, 0x0000000088d00000|  0%| F|  |TAMS 0x0000000088c00000, 0x0000000088c00000| Untracked 
|  91|0x0000000088d00000, 0x0000000088d00000, 0x0000000088e00000|  0%| F|  |TAMS 0x0000000088d00000, 0x0000000088d00000| Untracked 
|  92|0x0000000088e00000, 0x0000000088e00000, 0x0000000088f00000|  0%| F|  |TAMS 0x0000000088e00000, 0x0000000088e00000| Untracked 
|  93|0x0000000088f00000, 0x0000000088f00000, 0x0000000089000000|  0%| F|  |TAMS 0x0000000088f00000, 0x0000000088f00000| Untracked 
|  94|0x0000000089000000, 0x0000000089000000, 0x0000000089100000|  0%| F|  |TAMS 0x0000000089000000, 0x0000000089000000| Untracked 
|  95|0x0000000089100000, 0x0000000089100000, 0x0000000089200000|  0%| F|  |TAMS 0x0000000089100000, 0x0000000089100000| Untracked 
|  96|0x0000000089200000, 0x0000000089200000, 0x0000000089300000|  0%| F|  |TAMS 0x0000000089200000, 0x0000000089200000| Untracked 
|  97|0x0000000089300000, 0x0000000089300000, 0x0000000089400000|  0%| F|  |TAMS 0x0000000089300000, 0x0000000089300000| Untracked 
|  98|0x0000000089400000, 0x0000000089400000, 0x0000000089500000|  0%| F|  |TAMS 0x0000000089400000, 0x0000000089400000| Untracked 
|  99|0x0000000089500000, 0x0000000089500000, 0x0000000089600000|  0%| F|  |TAMS 0x0000000089500000, 0x0000000089500000| Untracked 
| 100|0x0000000089600000, 0x0000000089600000, 0x0000000089700000|  0%| F|  |TAMS 0x0000000089600000, 0x0000000089600000| Untracked 
| 101|0x0000000089700000, 0x0000000089700000, 0x0000000089800000|  0%| F|  |TAMS 0x0000000089700000, 0x0000000089700000| Untracked 
| 102|0x0000000089800000, 0x0000000089800000, 0x0000000089900000|  0%| F|  |TAMS 0x0000000089800000, 0x0000000089800000| Untracked 
| 103|0x0000000089900000, 0x0000000089900000, 0x0000000089a00000|  0%| F|  |TAMS 0x0000000089900000, 0x0000000089900000| Untracked 
| 104|0x0000000089a00000, 0x0000000089a00000, 0x0000000089b00000|  0%| F|  |TAMS 0x0000000089a00000, 0x0000000089a00000| Untracked 
| 105|0x0000000089b00000, 0x0000000089b00000, 0x0000000089c00000|  0%| F|  |TAMS 0x0000000089b00000, 0x0000000089b00000| Untracked 
| 106|0x0000000089c00000, 0x0000000089c00000, 0x0000000089d00000|  0%| F|  |TAMS 0x0000000089c00000, 0x0000000089c00000| Untracked 
| 107|0x0000000089d00000, 0x0000000089d00000, 0x0000000089e00000|  0%| F|  |TAMS 0x0000000089d00000, 0x0000000089d00000| Untracked 
| 108|0x0000000089e00000, 0x0000000089e00000, 0x0000000089f00000|  0%| F|  |TAMS 0x0000000089e00000, 0x0000000089e00000| Untracked 
| 109|0x0000000089f00000, 0x0000000089f00000, 0x000000008a000000|  0%| F|  |TAMS 0x0000000089f00000, 0x0000000089f00000| Untracked 
| 110|0x000000008a000000, 0x000000008a000000, 0x000000008a100000|  0%| F|  |TAMS 0x000000008a000000, 0x000000008a000000| Untracked 
| 111|0x000000008a100000, 0x000000008a100000, 0x000000008a200000|  0%| F|  |TAMS 0x000000008a100000, 0x000000008a100000| Untracked 
| 112|0x000000008a200000, 0x000000008a200000, 0x000000008a300000|  0%| F|  |TAMS 0x000000008a200000, 0x000000008a200000| Untracked 
| 113|0x000000008a300000, 0x000000008a300000, 0x000000008a400000|  0%| F|  |TAMS 0x000000008a300000, 0x000000008a300000| Untracked 
| 114|0x000000008a400000, 0x000000008a400000, 0x000000008a500000|  0%| F|  |TAMS 0x000000008a400000, 0x000000008a400000| Untracked 
| 115|0x000000008a500000, 0x000000008a500000, 0x000000008a600000|  0%| F|  |TAMS 0x000000008a500000, 0x000000008a500000| Untracked 
| 116|0x000000008a600000, 0x000000008a600000, 0x000000008a700000|  0%| F|  |TAMS 0x000000008a600000, 0x000000008a600000| Untracked 
| 117|0x000000008a700000, 0x000000008a700000, 0x000000008a800000|  0%| F|  |TAMS 0x000000008a700000, 0x000000008a700000| Untracked 
| 118|0x000000008a800000, 0x000000008a800000, 0x000000008a900000|  0%| F|  |TAMS 0x000000008a800000, 0x000000008a800000| Untracked 
| 119|0x000000008a900000, 0x000000008a900000, 0x000000008aa00000|  0%| F|  |TAMS 0x000000008a900000, 0x000000008a900000| Untracked 
| 120|0x000000008aa00000, 0x000000008aa4a9b8, 0x000000008ab00000| 29%| E|  |TAMS 0x000000008aa00000, 0x000000008aa00000| Complete 
| 121|0x000000008ab00000, 0x000000008ac00000, 0x000000008ac00000|100%| E|CS|TAMS 0x000000008ab00000, 0x000000008ab00000| Complete 
| 122|0x000000008ac00000, 0x000000008ad00000, 0x000000008ad00000|100%| E|CS|TAMS 0x000000008ac00000, 0x000000008ac00000| Complete 
| 123|0x000000008ad00000, 0x000000008ae00000, 0x000000008ae00000|100%| E|  |TAMS 0x000000008ad00000, 0x000000008ad00000| Complete 
| 124|0x000000008ae00000, 0x000000008af00000, 0x000000008af00000|100%| E|CS|TAMS 0x000000008ae00000, 0x000000008ae00000| Complete 
| 125|0x000000008af00000, 0x000000008b000000, 0x000000008b000000|100%| E|CS|TAMS 0x000000008af00000, 0x000000008af00000| Complete 

Card table byte_map: [0x000001f7f4900000,0x000001f7f4cf0000] _byte_map_base: 0x000001f7f44e7000

Marking Bits (Prev, Next): (CMBitMap*) 0x000001f7db736710, (CMBitMap*) 0x000001f7db7366d8
 Prev Bits: [0x000001f7f7020000, 0x000001f7f8f58000)
 Next Bits: [0x000001f7f50e0000, 0x000001f7f7018000)

Polling page: 0x000001f7d96c0000

Metaspace:

Usage:
  Non-class:    103.50 MB capacity,   100.25 MB ( 97%) used,     2.49 MB (  2%) free+waste,   772.88 KB ( <1%) overhead. 
      Class:     18.98 MB capacity,    15.97 MB ( 84%) used,     2.62 MB ( 14%) free+waste,   407.38 KB (  2%) overhead. 
       Both:    122.48 MB capacity,   116.22 MB ( 95%) used,     5.11 MB (  4%) free+waste,     1.15 MB ( <1%) overhead. 

Virtual space:
  Non-class space:      104.00 MB reserved,     103.63 MB (>99%) committed 
      Class space:        1.00 GB reserved,      19.32 MB (  2%) committed 
             Both:        1.10 GB reserved,     122.96 MB ( 11%) committed 

Chunk freelists:
   Non-Class:  10.00 KB
       Class:  337.00 KB
        Both:  347.00 KB

MaxMetaspaceSize: 17179869184.00 GB
CompressedClassSpaceSize: 1.00 GB
Initial GC threshold: 20.80 MB
Current GC threshold: 204.93 MB
CDS: off

CodeHeap 'non-profiled nmethods': size=120000Kb used=8954Kb max_used=8954Kb free=111045Kb
 bounds [0x000001f7ecca0000, 0x000001f7ed560000, 0x000001f7f41d0000]
CodeHeap 'profiled nmethods': size=120000Kb used=31257Kb max_used=31257Kb free=88743Kb
 bounds [0x000001f7e5770000, 0x000001f7e7600000, 0x000001f7ecca0000]
CodeHeap 'non-nmethods': size=5760Kb used=1625Kb max_used=1721Kb free=4134Kb
 bounds [0x000001f7e51d0000, 0x000001f7e5440000, 0x000001f7e5770000]
 total_blobs=15787 nmethods=14827 adapters=869
 compilation: enabled
              stopped_count=0, restarted_count=0
 full_count=0

Compilation events (20 events):
Event: 226.210 Thread 0x000001f7fc24e000 nmethod 15036 0x000001f7ed559390 code [0x000001f7ed559700, 0x000001f7ed55b3c8]
Event: 226.210 Thread 0x000001f7fc24e000 15041       4       scala.collection.mutable.FlatHashTable::initWithContents (90 bytes)
Event: 226.211 Thread 0x000001f7fc24e000 nmethod 15041 0x000001f7ed55c690 code [0x000001f7ed55c820, 0x000001f7ed55c8b8]
Event: 226.221 Thread 0x000001f7fc24e000 15042       4       scala.collection.AbstractTraversable::mkString (6 bytes)
Event: 226.222 Thread 0x000001f7fc24e000 nmethod 15042 0x000001f7ed55c990 code [0x000001f7ed55cb20, 0x000001f7ed55cbb8]
Event: 226.228 Thread 0x000001f7fc24e000 15043       4       scala.collection.IndexedSeqOptimized::foldLeft (50 bytes)
Event: 226.231 Thread 0x000001f7fc24e000 nmethod 15043 0x000001f7ed55cc90 code [0x000001f7ed55ce40, 0x000001f7ed55cf58]
Event: 226.241 Thread 0x000001f7fc24e000 15044       4       org.apache.spark.sql.catalyst.expressions.UnsafeRow::assertIndexIsValid (96 bytes)
Event: 226.242 Thread 0x000001f7fc24e000 nmethod 15044 0x000001f7ed55d090 code [0x000001f7ed55d220, 0x000001f7ed55d278]
Event: 226.469 Thread 0x000001f7fc24e000 15045       4       scala.collection.immutable.Stream$::newBuilder (8 bytes)
Event: 226.475 Thread 0x000001f7fc24e000 nmethod 15045 0x000001f7ed55d390 code [0x000001f7ed55d540, 0x000001f7ed55d7d8]
Event: 226.495 Thread 0x000001f7fc24e000 15046       4       org.apache.hadoop.fs.permission.FsPermission::fromShort (47 bytes)
Event: 226.500 Thread 0x000001f7fc24e000 nmethod 15046 0x000001f7ed55d910 code [0x000001f7ed55daa0, 0x000001f7ed55de78]
Event: 227.432 Thread 0x000001f7fc259000 15047       1       org.sparkproject.guava.collect.MapMakerInternalMap$2::size (2 bytes)
Event: 227.432 Thread 0x000001f7fc259000 nmethod 15047 0x000001f7ed55df10 code [0x000001f7ed55e0c0, 0x000001f7ed55e178]
Event: 228.229 Thread 0x000001f7fc24e000 15048       4       java.util.concurrent.locks.AbstractQueuedSynchronizer::doReleaseShared (79 bytes)
Event: 228.236 Thread 0x000001f7fc24e000 nmethod 15048 0x000001f7ed55e210 code [0x000001f7ed55e3c0, 0x000001f7ed55e5c8]
Event: 228.318 Thread 0x000001f7fc24e000 15049       4       org.apache.spark.util.LongAccumulator::setValue (6 bytes)
Event: 228.318 Thread 0x000001f7fc24e000 nmethod 15049 0x000001f7ed55e790 code [0x000001f7ed55e920, 0x000001f7ed55e978]
Event: 228.319 Thread 0x000001f7fc24e000 15050       4       org.apache.spark.sql.catalyst.expressions.codegen.GenerateUnsafeProjection$::$anonfun$writeExpressionsToBuffer$3 (496 bytes)

GC Heap History (20 events):
Event: 189.601 GC heap before
{Heap before GC invocations=35 (full 0):
 garbage-first heap   total 129024K, used 111452K [0x0000000083200000, 0x0000000100000000)
  region size 1024K, 55 young (56320K), 6 survivors (6144K)
 Metaspace       used 118474K, capacity 124824K, committed 125396K, reserved 1155072K
  class space    used 16349K, capacity 19439K, committed 19788K, reserved 1048576K
}
Event: 189.641 GC heap after
{Heap after GC invocations=36 (full 0):
 garbage-first heap   total 129024K, used 62195K [0x0000000083200000, 0x0000000100000000)
  region size 1024K, 3 young (3072K), 3 survivors (3072K)
 Metaspace       used 118474K, capacity 124824K, committed 125396K, reserved 1155072K
  class space    used 16349K, capacity 19439K, committed 19788K, reserved 1048576K
}
Event: 190.987 GC heap before
{Heap before GC invocations=36 (full 0):
 garbage-first heap   total 129024K, used 74483K [0x0000000083200000, 0x0000000100000000)
  region size 1024K, 17 young (17408K), 3 survivors (3072K)
 Metaspace       used 118488K, capacity 124828K, committed 125396K, reserved 1155072K
  class space    used 16349K, capacity 19439K, committed 19788K, reserved 1048576K
}
Event: 190.994 GC heap after
{Heap after GC invocations=37 (full 0):
 garbage-first heap   total 129024K, used 62693K [0x0000000083200000, 0x0000000100000000)
  region size 1024K, 4 young (4096K), 4 survivors (4096K)
 Metaspace       used 118488K, capacity 124828K, committed 125396K, reserved 1155072K
  class space    used 16349K, capacity 19439K, committed 19788K, reserved 1048576K
}
Event: 196.683 GC heap before
{Heap before GC invocations=38 (full 0):
 garbage-first heap   total 129024K, used 100581K [0x0000000083200000, 0x0000000100000000)
  region size 1024K, 37 young (37888K), 4 survivors (4096K)
 Metaspace       used 118581K, capacity 124976K, committed 125652K, reserved 1155072K
  class space    used 16349K, capacity 19439K, committed 19788K, reserved 1048576K
}
Event: 196.691 GC heap after
{Heap after GC invocations=39 (full 0):
 garbage-first heap   total 129024K, used 67095K [0x0000000083200000, 0x0000000100000000)
  region size 1024K, 3 young (3072K), 3 survivors (3072K)
 Metaspace       used 118581K, capacity 124976K, committed 125652K, reserved 1155072K
  class space    used 16349K, capacity 19439K, committed 19788K, reserved 1048576K
}
Event: 202.331 GC heap before
{Heap before GC invocations=39 (full 0):
 garbage-first heap   total 129024K, used 98839K [0x0000000083200000, 0x0000000100000000)
  region size 1024K, 35 young (35840K), 3 survivors (3072K)
 Metaspace       used 118830K, capacity 125229K, committed 125652K, reserved 1155072K
  class space    used 16349K, capacity 19439K, committed 19788K, reserved 1048576K
}
Event: 202.342 GC heap after
{Heap after GC invocations=40 (full 0):
 garbage-first heap   total 129024K, used 67650K [0x0000000083200000, 0x0000000100000000)
  region size 1024K, 3 young (3072K), 3 survivors (3072K)
 Metaspace       used 118830K, capacity 125229K, committed 125652K, reserved 1155072K
  class space    used 16349K, capacity 19439K, committed 19788K, reserved 1048576K
}
Event: 207.156 GC heap before
{Heap before GC invocations=41 (full 0):
 garbage-first heap   total 129024K, used 100418K [0x0000000083200000, 0x0000000100000000)
  region size 1024K, 36 young (36864K), 3 survivors (3072K)
 Metaspace       used 118875K, capacity 125311K, committed 125908K, reserved 1155072K
  class space    used 16349K, capacity 19439K, committed 19788K, reserved 1048576K
}
Event: 207.163 GC heap after
{Heap after GC invocations=42 (full 0):
 garbage-first heap   total 129024K, used 67659K [0x0000000083200000, 0x0000000100000000)
  region size 1024K, 3 young (3072K), 3 survivors (3072K)
 Metaspace       used 118875K, capacity 125311K, committed 125908K, reserved 1155072K
  class space    used 16349K, capacity 19439K, committed 19788K, reserved 1048576K
}
Event: 212.108 GC heap before
{Heap before GC invocations=42 (full 0):
 garbage-first heap   total 129024K, used 101451K [0x0000000083200000, 0x0000000100000000)
  region size 1024K, 37 young (37888K), 3 survivors (3072K)
 Metaspace       used 118908K, capacity 125318K, committed 125908K, reserved 1155072K
  class space    used 16349K, capacity 19439K, committed 19788K, reserved 1048576K
}
Event: 212.115 GC heap after
{Heap after GC invocations=43 (full 0):
 garbage-first heap   total 129024K, used 67782K [0x0000000083200000, 0x0000000100000000)
  region size 1024K, 3 young (3072K), 3 survivors (3072K)
 Metaspace       used 118908K, capacity 125318K, committed 125908K, reserved 1155072K
  class space    used 16349K, capacity 19439K, committed 19788K, reserved 1048576K
}
Event: 216.280 GC heap before
{Heap before GC invocations=44 (full 0):
 garbage-first heap   total 129024K, used 102598K [0x0000000083200000, 0x0000000100000000)
  region size 1024K, 38 young (38912K), 3 survivors (3072K)
 Metaspace       used 118950K, capacity 125330K, committed 125908K, reserved 1155072K
  class space    used 16349K, capacity 19439K, committed 19788K, reserved 1048576K
}
Event: 216.287 GC heap after
{Heap after GC invocations=45 (full 0):
 garbage-first heap   total 129024K, used 68080K [0x0000000083200000, 0x0000000100000000)
  region size 1024K, 3 young (3072K), 3 survivors (3072K)
 Metaspace       used 118950K, capacity 125330K, committed 125908K, reserved 1155072K
  class space    used 16349K, capacity 19439K, committed 19788K, reserved 1048576K
}
Event: 219.200 GC heap before
{Heap before GC invocations=45 (full 0):
 garbage-first heap   total 129024K, used 102896K [0x0000000083200000, 0x0000000100000000)
  region size 1024K, 38 young (38912K), 3 survivors (3072K)
 Metaspace       used 118961K, capacity 125395K, committed 125908K, reserved 1155072K
  class space    used 16349K, capacity 19439K, committed 19788K, reserved 1048576K
}
Event: 219.208 GC heap after
{Heap after GC invocations=46 (full 0):
 garbage-first heap   total 129024K, used 68370K [0x0000000083200000, 0x0000000100000000)
  region size 1024K, 3 young (3072K), 3 survivors (3072K)
 Metaspace       used 118961K, capacity 125395K, committed 125908K, reserved 1155072K
  class space    used 16349K, capacity 19439K, committed 19788K, reserved 1048576K
}
Event: 224.078 GC heap before
{Heap before GC invocations=47 (full 0):
 garbage-first heap   total 129024K, used 104210K [0x0000000083200000, 0x0000000100000000)
  region size 1024K, 39 young (39936K), 3 survivors (3072K)
 Metaspace       used 119002K, capacity 125420K, committed 125908K, reserved 1155072K
  class space    used 16349K, capacity 19439K, committed 19788K, reserved 1048576K
}
Event: 224.087 GC heap after
{Heap after GC invocations=48 (full 0):
 garbage-first heap   total 129024K, used 67736K [0x0000000083200000, 0x0000000100000000)
  region size 1024K, 2 young (2048K), 2 survivors (2048K)
 Metaspace       used 119002K, capacity 125420K, committed 125908K, reserved 1155072K
  class space    used 16349K, capacity 19439K, committed 19788K, reserved 1048576K
}
Event: 228.259 GC heap before
{Heap before GC invocations=48 (full 0):
 garbage-first heap   total 129024K, used 103576K [0x0000000083200000, 0x0000000100000000)
  region size 1024K, 38 young (38912K), 2 survivors (2048K)
 Metaspace       used 119007K, capacity 125421K, committed 125908K, reserved 1155072K
  class space    used 16349K, capacity 19439K, committed 19788K, reserved 1048576K
}
Event: 228.265 GC heap after
{Heap after GC invocations=49 (full 0):
 garbage-first heap   total 129024K, used 68366K [0x0000000083200000, 0x0000000100000000)
  region size 1024K, 3 young (3072K), 3 survivors (3072K)
 Metaspace       used 119007K, capacity 125421K, committed 125908K, reserved 1155072K
  class space    used 16349K, capacity 19439K, committed 19788K, reserved 1048576K
}

Deoptimization events (20 events):
Event: 209.755 Thread 0x000001f7ff0a5000 Uncommon trap: trap_request=0xffffffbe fr.pc=0x000001f7ed4f57b0 relative=0x0000000000000c30
Event: 209.755 Thread 0x000001f7ff0a5000 Uncommon trap: reason=profile_predicate action=maybe_recompile pc=0x000001f7ed4f57b0 method=jdk.internal.math.FDBigInteger.add(Ljdk/internal/math/FDBigInteger;)Ljdk/internal/math/FDBigInteger; @ 64 c2
Event: 209.755 Thread 0x000001f7ff0a5000 DEOPT PACKING pc=0x000001f7ed4f57b0 sp=0x000000dad0bfd920
Event: 209.755 Thread 0x000001f7ff0a5000 DEOPT UNPACKING pc=0x000001f7e521a1af sp=0x000000dad0bfd7c8 mode 2
Event: 226.024 Thread 0x000001f7813b6800 Uncommon trap: trap_request=0xffffffbe fr.pc=0x000001f7ed556c54 relative=0x0000000000001554
Event: 226.024 Thread 0x000001f7813b6800 Uncommon trap: reason=profile_predicate action=maybe_recompile pc=0x000001f7ed556c54 method=scala.collection.immutable.Stream.flatMap(Lscala/Function1;Lscala/collection/generic/CanBuildFrom;)Ljava/lang/Object; @ 68 c2
Event: 226.024 Thread 0x000001f7813b6800 DEOPT PACKING pc=0x000001f7ed556c54 sp=0x000000dad61fe550
Event: 226.024 Thread 0x000001f7813b6800 DEOPT UNPACKING pc=0x000001f7e521a1af sp=0x000000dad61fe560 mode 2
Event: 226.025 Thread 0x000001f7813b6800 Uncommon trap: trap_request=0xffffffbe fr.pc=0x000001f7ed556c54 relative=0x0000000000001554
Event: 226.025 Thread 0x000001f7813b6800 Uncommon trap: reason=profile_predicate action=maybe_recompile pc=0x000001f7ed556c54 method=scala.collection.immutable.Stream.flatMap(Lscala/Function1;Lscala/collection/generic/CanBuildFrom;)Ljava/lang/Object; @ 68 c2
Event: 226.025 Thread 0x000001f7813b6800 DEOPT PACKING pc=0x000001f7ed556c54 sp=0x000000dad61fe710
Event: 226.025 Thread 0x000001f7813b6800 DEOPT UNPACKING pc=0x000001f7e521a1af sp=0x000000dad61fe720 mode 2
Event: 226.025 Thread 0x000001f7813b6800 Uncommon trap: trap_request=0xffffffbe fr.pc=0x000001f7ed556c54 relative=0x0000000000001554
Event: 226.025 Thread 0x000001f7813b6800 Uncommon trap: reason=profile_predicate action=maybe_recompile pc=0x000001f7ed556c54 method=scala.collection.immutable.Stream.flatMap(Lscala/Function1;Lscala/collection/generic/CanBuildFrom;)Ljava/lang/Object; @ 68 c2
Event: 226.025 Thread 0x000001f7813b6800 DEOPT PACKING pc=0x000001f7ed556c54 sp=0x000000dad61fe710
Event: 226.025 Thread 0x000001f7813b6800 DEOPT UNPACKING pc=0x000001f7e521a1af sp=0x000000dad61fe720 mode 2
Event: 226.025 Thread 0x000001f7813b6800 Uncommon trap: trap_request=0xffffffbe fr.pc=0x000001f7ed556c54 relative=0x0000000000001554
Event: 226.025 Thread 0x000001f7813b6800 Uncommon trap: reason=profile_predicate action=maybe_recompile pc=0x000001f7ed556c54 method=scala.collection.immutable.Stream.flatMap(Lscala/Function1;Lscala/collection/generic/CanBuildFrom;)Ljava/lang/Object; @ 68 c2
Event: 226.025 Thread 0x000001f7813b6800 DEOPT PACKING pc=0x000001f7ed556c54 sp=0x000000dad61fe710
Event: 226.025 Thread 0x000001f7813b6800 DEOPT UNPACKING pc=0x000001f7e521a1af sp=0x000000dad61fe720 mode 2

Classes redefined (0 events):
No events

Internal exceptions (20 events):
Event: 228.139 Thread 0x000001f7ff0a7800 Exception <a 'org/apache/hadoop/io/nativeio/NativeIOException'{0x0000000088ee6db8}> (0x0000000088ee6db8) thrown at [s\src\hotspot\share\prims\jni.cpp, line 617]
Event: 228.201 Thread 0x000001f7ff0a9800 Exception <a 'java/io/IOException'{0x0000000088fc3708}: CreateProcess error=1455, The paging file is too small for this operation to complete> (0x0000000088fc3708) thrown at [s\src\hotspot\share\prims\jni.cpp, line 638]
Event: 228.223 Thread 0x000001f7ff0a9800 Exception <a 'org/apache/hadoop/io/nativeio/NativeIOException'{0x0000000088dd96f8}> (0x0000000088dd96f8) thrown at [s\src\hotspot\share\prims\jni.cpp, line 617]
Event: 228.224 Thread 0x000001f7ff0a9800 Exception <a 'org/apache/hadoop/io/nativeio/NativeIOException'{0x0000000088ddfed0}> (0x0000000088ddfed0) thrown at [s\src\hotspot\share\prims\jni.cpp, line 617]
Event: 228.268 Thread 0x000001f7ff0a9800 Exception <a 'org/apache/hadoop/io/nativeio/NativeIOException'{0x000000008af690b0}> (0x000000008af690b0) thrown at [s\src\hotspot\share\prims\jni.cpp, line 617]
Event: 228.269 Thread 0x000001f7ff0a9800 Exception <a 'org/apache/hadoop/io/nativeio/NativeIOException'{0x000000008af6f888}> (0x000000008af6f888) thrown at [s\src\hotspot\share\prims\jni.cpp, line 617]
Event: 228.281 Thread 0x000001f7813bf800 Exception <a 'java/io/IOException'{0x000000008af89748}: CreateProcess error=1455, The paging file is too small for this operation to complete> (0x000000008af89748) thrown at [s\src\hotspot\share\prims\jni.cpp, line 638]
Event: 228.289 Thread 0x000001f7ff0ac000 Exception <a 'java/io/IOException'{0x000000008af9c918}: CreateProcess error=1455, The paging file is too small for this operation to complete> (0x000000008af9c918) thrown at [s\src\hotspot\share\prims\jni.cpp, line 638]
Event: 228.293 Thread 0x000001f7813bf800 Exception <a 'java/io/IOException'{0x000000008af8bbd0}: CreateProcess error=1455, The paging file is too small for this operation to complete> (0x000000008af8bbd0) thrown at [s\src\hotspot\share\prims\jni.cpp, line 638]
Event: 228.300 Thread 0x000001f7813bf800 Exception <a 'org/apache/hadoop/io/nativeio/NativeIOException'{0x000000008ae0aa48}> (0x000000008ae0aa48) thrown at [s\src\hotspot\share\prims\jni.cpp, line 617]
Event: 228.301 Thread 0x000001f7813bf800 Exception <a 'org/apache/hadoop/io/nativeio/NativeIOException'{0x000000008ae11220}> (0x000000008ae11220) thrown at [s\src\hotspot\share\prims\jni.cpp, line 617]
Event: 228.310 Thread 0x000001f7ff0a9800 Exception <a 'java/io/IOException'{0x000000008af7b4a8}: CreateProcess error=1455, The paging file is too small for this operation to complete> (0x000000008af7b4a8) thrown at [s\src\hotspot\share\prims\jni.cpp, line 638]
Event: 228.313 Thread 0x000001f7ff0a9800 Exception <a 'java/io/IOException'{0x000000008ae9a220}: CreateProcess error=1455, The paging file is too small for this operation to complete> (0x000000008ae9a220) thrown at [s\src\hotspot\share\prims\jni.cpp, line 638]
Event: 228.323 Thread 0x000001f7813bf800 Exception <a 'org/apache/hadoop/io/nativeio/NativeIOException'{0x000000008adebd00}> (0x000000008adebd00) thrown at [s\src\hotspot\share\prims\jni.cpp, line 617]
Event: 228.325 Thread 0x000001f7813bf800 Exception <a 'org/apache/hadoop/io/nativeio/NativeIOException'{0x000000008adf24d8}> (0x000000008adf24d8) thrown at [s\src\hotspot\share\prims\jni.cpp, line 617]
Event: 228.327 Thread 0x000001f7ff0ac000 Exception <a 'org/apache/hadoop/io/nativeio/NativeIOException'{0x000000008aed35c0}> (0x000000008aed35c0) thrown at [s\src\hotspot\share\prims\jni.cpp, line 617]
Event: 228.357 Thread 0x000001f7ff0ac000 Exception <a 'org/apache/hadoop/io/nativeio/NativeIOException'{0x000000008aed9d98}> (0x000000008aed9d98) thrown at [s\src\hotspot\share\prims\jni.cpp, line 617]
Event: 228.390 Thread 0x000001f7ff0ac000 Exception <a 'org/apache/hadoop/io/nativeio/NativeIOException'{0x000000008abd9d38}> (0x000000008abd9d38) thrown at [s\src\hotspot\share\prims\jni.cpp, line 617]
Event: 228.392 Thread 0x000001f7ff0ac000 Exception <a 'org/apache/hadoop/io/nativeio/NativeIOException'{0x000000008abe0510}> (0x000000008abe0510) thrown at [s\src\hotspot\share\prims\jni.cpp, line 617]
Event: 228.429 Thread 0x000001f7ff0a7800 Exception <a 'java/io/IOException'{0x000000008aa02ec8}: CreateProcess error=1455, The paging file is too small for this operation to complete> (0x000000008aa02ec8) thrown at [s\src\hotspot\share\prims\jni.cpp, line 638]

Events (20 events):
Event: 228.096 Thread 0x000001f7814a5800 Thread added: 0x000001f7814a5800
Event: 228.103 Thread 0x000001f7814a3000 Thread exited: 0x000001f7814a3000
Event: 228.117 Thread 0x000001f7814a8800 Thread added: 0x000001f7814a8800
Event: 228.124 Thread 0x000001f7814a7000 Thread exited: 0x000001f7814a7000
Event: 228.151 Thread 0x000001f7814a6800 Thread added: 0x000001f7814a6800
Event: 228.195 Thread 0x000001f7814a7000 Thread added: 0x000001f7814a7000
Event: 228.200 Thread 0x000001f7814a8800 Thread exited: 0x000001f7814a8800
Event: 228.204 Thread 0x000001f7814a5800 Thread exited: 0x000001f7814a5800
Event: 228.234 Executing VM operation: RevokeBias
Event: 228.235 Executing VM operation: RevokeBias done
Event: 228.237 Thread 0x000001f7814a8800 Thread added: 0x000001f7814a8800
Event: 228.237 Executing VM operation: G1CollectForAllocation
Event: 228.265 Executing VM operation: G1CollectForAllocation done
Event: 228.331 Executing VM operation: CGC_Operation
Event: 228.356 Executing VM operation: CGC_Operation done
Event: 228.391 Executing VM operation: CGC_Operation
Event: 228.392 Executing VM operation: CGC_Operation done
Event: 228.396 Thread 0x000001f7814a6800 Thread exited: 0x000001f7814a6800
Event: 228.421 Thread 0x000001f7814a7000 Thread exited: 0x000001f7814a7000
Event: 228.423 Thread 0x000001f7814a3000 Thread added: 0x000001f7814a3000


Dynamic libraries:
0x00007ff6a1c50000 - 0x00007ff6a1c5e000 	C:\Users\Moataz Nasr\Downloads\openlogic-openjdk-11.0.20+8-windows-x64\openlogic-openjdk-11.0.20+8-windows-x64\bin\java.exe
0x00007ff8777b0000 - 0x00007ff8779c6000 	C:\WINDOWS\SYSTEM32\ntdll.dll
0x00007ff8767e0000 - 0x00007ff8768a4000 	C:\WINDOWS\System32\KERNEL32.DLL
0x00007ff874ce0000 - 0x00007ff875087000 	C:\WINDOWS\System32\KERNELBASE.dll
0x00007ff875270000 - 0x00007ff875381000 	C:\WINDOWS\System32\ucrtbase.dll
0x00007ff82b7e0000 - 0x00007ff82b7f7000 	C:\Users\Moataz Nasr\Downloads\openlogic-openjdk-11.0.20+8-windows-x64\openlogic-openjdk-11.0.20+8-windows-x64\bin\jli.dll
0x00007ff875870000 - 0x00007ff875a1e000 	C:\WINDOWS\System32\USER32.dll
0x00007ff875180000 - 0x00007ff8751a6000 	C:\WINDOWS\System32\win32u.dll
0x00007ff876ae0000 - 0x00007ff876b09000 	C:\WINDOWS\System32\GDI32.dll
0x00007ff875390000 - 0x00007ff8754a9000 	C:\WINDOWS\System32\gdi32full.dll
0x00007ff874ad0000 - 0x00007ff874b6a000 	C:\WINDOWS\System32\msvcp_win.dll
0x00007ff82b800000 - 0x00007ff82b81b000 	C:\Users\Moataz Nasr\Downloads\openlogic-openjdk-11.0.20+8-windows-x64\openlogic-openjdk-11.0.20+8-windows-x64\bin\VCRUNTIME140.dll
0x00007ff85e650000 - 0x00007ff85e8e3000 	C:\WINDOWS\WinSxS\amd64_microsoft.windows.common-controls_6595b64144ccf1df_6.0.22621.3235_none_270f74e173860f98\COMCTL32.dll
0x00007ff875ca0000 - 0x00007ff875d47000 	C:\WINDOWS\System32\msvcrt.dll
0x00007ff8766c0000 - 0x00007ff8766f1000 	C:\WINDOWS\System32\IMM32.DLL
0x00007fff80cd0000 - 0x00007fff80cdc000 	C:\Users\Moataz Nasr\Downloads\openlogic-openjdk-11.0.20+8-windows-x64\openlogic-openjdk-11.0.20+8-windows-x64\bin\vcruntime140_1.dll
0x00007fff6b3b0000 - 0x00007fff6b43d000 	C:\Users\Moataz Nasr\Downloads\openlogic-openjdk-11.0.20+8-windows-x64\openlogic-openjdk-11.0.20+8-windows-x64\bin\msvcp140.dll
0x00007fff62be0000 - 0x00007fff6372d000 	C:\Users\Moataz Nasr\Downloads\openlogic-openjdk-11.0.20+8-windows-x64\openlogic-openjdk-11.0.20+8-windows-x64\bin\server\jvm.dll
0x00007ff8768b0000 - 0x00007ff876962000 	C:\WINDOWS\System32\ADVAPI32.dll
0x00007ff876730000 - 0x00007ff8767d8000 	C:\WINDOWS\System32\sechost.dll
0x00007ff8754b0000 - 0x00007ff8754d8000 	C:\WINDOWS\System32\bcrypt.dll
0x00007ff8764a0000 - 0x00007ff8765b5000 	C:\WINDOWS\System32\RPCRT4.dll
0x00007ff875d50000 - 0x00007ff875d58000 	C:\WINDOWS\System32\PSAPI.DLL
0x00007ff85a740000 - 0x00007ff85a749000 	C:\WINDOWS\SYSTEM32\WSOCK32.dll
0x00007ff876bf0000 - 0x00007ff876c61000 	C:\WINDOWS\System32\WS2_32.dll
0x00007ff8723d0000 - 0x00007ff872404000 	C:\WINDOWS\SYSTEM32\WINMM.dll
0x00007ff86c280000 - 0x00007ff86c28a000 	C:\WINDOWS\SYSTEM32\VERSION.dll
0x00007ff873b80000 - 0x00007ff873b98000 	C:\WINDOWS\SYSTEM32\kernel.appcore.dll
0x00007fff80cc0000 - 0x00007fff80cd0000 	C:\Users\Moataz Nasr\Downloads\openlogic-openjdk-11.0.20+8-windows-x64\openlogic-openjdk-11.0.20+8-windows-x64\bin\verify.dll
0x00007ff872190000 - 0x00007ff8723c3000 	C:\WINDOWS\SYSTEM32\DBGHELP.DLL
0x00007ff8754e0000 - 0x00007ff875868000 	C:\WINDOWS\System32\combase.dll
0x00007ff8765c0000 - 0x00007ff876697000 	C:\WINDOWS\System32\OLEAUT32.dll
0x00007ff872100000 - 0x00007ff872132000 	C:\WINDOWS\SYSTEM32\dbgcore.DLL
0x00007ff875090000 - 0x00007ff875109000 	C:\WINDOWS\System32\bcryptPrimitives.dll
0x00007fff80ad0000 - 0x00007fff80af8000 	C:\Users\Moataz Nasr\Downloads\openlogic-openjdk-11.0.20+8-windows-x64\openlogic-openjdk-11.0.20+8-windows-x64\bin\java.dll
0x00007fff80cb0000 - 0x00007fff80cba000 	C:\Users\Moataz Nasr\Downloads\openlogic-openjdk-11.0.20+8-windows-x64\openlogic-openjdk-11.0.20+8-windows-x64\bin\jimage.dll
0x00007fff6caf0000 - 0x00007fff6cafe000 	C:\Users\Moataz Nasr\Downloads\openlogic-openjdk-11.0.20+8-windows-x64\openlogic-openjdk-11.0.20+8-windows-x64\bin\instrument.dll
0x00007fff6cb00000 - 0x00007fff6cb18000 	C:\Users\Moataz Nasr\Downloads\openlogic-openjdk-11.0.20+8-windows-x64\openlogic-openjdk-11.0.20+8-windows-x64\bin\zip.dll
0x00007ff876d60000 - 0x00007ff8775bc000 	C:\WINDOWS\System32\SHELL32.dll
0x00007ff872a30000 - 0x00007ff873329000 	C:\WINDOWS\SYSTEM32\windows.storage.dll
0x00007ff8728f0000 - 0x00007ff872a2e000 	C:\WINDOWS\SYSTEM32\wintypes.dll
0x00007ff875ae0000 - 0x00007ff875bd3000 	C:\WINDOWS\System32\SHCORE.dll
0x00007ff875a80000 - 0x00007ff875ade000 	C:\WINDOWS\System32\shlwapi.dll
0x00007ff874a00000 - 0x00007ff874a21000 	C:\WINDOWS\SYSTEM32\profapi.dll
0x00007ff80f3b0000 - 0x00007ff80f3c9000 	C:\Users\Moataz Nasr\Downloads\openlogic-openjdk-11.0.20+8-windows-x64\openlogic-openjdk-11.0.20+8-windows-x64\bin\net.dll
0x00007ff871470000 - 0x00007ff8715a6000 	C:\WINDOWS\SYSTEM32\WINHTTP.dll
0x00007ff874070000 - 0x00007ff8740d9000 	C:\WINDOWS\system32\mswsock.dll
0x00007fffc1ac0000 - 0x00007fffc1ad2000 	C:\Users\Moataz Nasr\Downloads\openlogic-openjdk-11.0.20+8-windows-x64\openlogic-openjdk-11.0.20+8-windows-x64\bin\nio.dll
0x00007fff6a8a0000 - 0x00007fff6a8ba000 	C:\Program Files\JetBrains\IntelliJ IDEA Community Edition 2022.3.3\bin\breakgen64.dll
0x00007fffe7a30000 - 0x00007fffe7a47000 	C:\WINDOWS\system32\napinsp.dll
0x00007fffe7a50000 - 0x00007fffe7a6b000 	C:\WINDOWS\system32\pnrpnsp.dll
0x00007ff873600000 - 0x00007ff8736f9000 	C:\WINDOWS\SYSTEM32\DNSAPI.dll
0x00007ff873590000 - 0x00007ff8735bd000 	C:\WINDOWS\SYSTEM32\IPHLPAPI.DLL
0x00007ff876970000 - 0x00007ff876979000 	C:\WINDOWS\System32\NSI.dll
0x00007fffe7a70000 - 0x00007fffe7a81000 	C:\WINDOWS\System32\winrnr.dll
0x00007ff86cdc0000 - 0x00007ff86cdd5000 	C:\WINDOWS\system32\wshbth.dll
0x00007ff80faa0000 - 0x00007ff80fac1000 	C:\WINDOWS\system32\nlansp_c.dll
0x00007ff85e570000 - 0x00007ff85e57a000 	C:\Windows\System32\rasadhlp.dll
0x00007ff86b3b0000 - 0x00007ff86b433000 	C:\WINDOWS\System32\fwpuclnt.dll
0x00007fff6b540000 - 0x00007fff6b549000 	C:\Users\Moataz Nasr\Downloads\openlogic-openjdk-11.0.20+8-windows-x64\openlogic-openjdk-11.0.20+8-windows-x64\bin\management.dll
0x00007fff6b530000 - 0x00007fff6b53b000 	C:\Users\Moataz Nasr\Downloads\openlogic-openjdk-11.0.20+8-windows-x64\openlogic-openjdk-11.0.20+8-windows-x64\bin\management_ext.dll
0x00007ff85c800000 - 0x00007ff85c81d000 	C:\hadoop\bin\hadoop.dll
0x0000000054980000 - 0x0000000054a52000 	C:\WINDOWS\SYSTEM32\MSVCR100.dll
0x00007ff857be0000 - 0x00007ff857bf9000 	C:\WINDOWS\SYSTEM32\NETAPI32.dll
0x00007ff873700000 - 0x00007ff87374e000 	C:\WINDOWS\SYSTEM32\AUTHZ.dll
0x00007ff873580000 - 0x00007ff87358c000 	C:\WINDOWS\SYSTEM32\NETUTILS.DLL
0x00007ff8617a0000 - 0x00007ff8617b9000 	C:\WINDOWS\SYSTEM32\SAMCLI.DLL
0x00007ff85e560000 - 0x00007ff85e569000 	C:\Users\Moataz Nasr\Downloads\openlogic-openjdk-11.0.20+8-windows-x64\openlogic-openjdk-11.0.20+8-windows-x64\bin\jaas.dll
0x00007ff8742e0000 - 0x00007ff8742fb000 	C:\WINDOWS\SYSTEM32\CRYPTSP.dll
0x00007ff873ae0000 - 0x00007ff873b15000 	C:\WINDOWS\system32\rsaenh.dll
0x00007ff874170000 - 0x00007ff874198000 	C:\WINDOWS\SYSTEM32\USERENV.dll
0x00007ff8742d0000 - 0x00007ff8742dc000 	C:\WINDOWS\SYSTEM32\CRYPTBASE.dll
0x00007ff86dcc0000 - 0x00007ff86dcd9000 	C:\WINDOWS\SYSTEM32\dhcpcsvc6.DLL
0x00007ff86dca0000 - 0x00007ff86dcbf000 	C:\WINDOWS\SYSTEM32\dhcpcsvc.DLL
0x00007ff873ba0000 - 0x00007ff873bd4000 	C:\WINDOWS\SYSTEM32\ntmarta.dll
0x0000000066f40000 - 0x0000000066fc3000 	C:\Users\Moataz Nasr\AppData\Local\Temp\liblz4-java-13761032195908866640.so

dbghelp: loaded successfully - version: 4.0.5 - missing functions: none
symbol engine: initialized successfully - sym options: 0x614 - pdb path: .;C:\Users\Moataz Nasr\Downloads\openlogic-openjdk-11.0.20+8-windows-x64\openlogic-openjdk-11.0.20+8-windows-x64\bin;C:\WINDOWS\SYSTEM32;C:\WINDOWS\WinSxS\amd64_microsoft.windows.common-controls_6595b64144ccf1df_6.0.22621.3235_none_270f74e173860f98;C:\Users\Moataz Nasr\Downloads\openlogic-openjdk-11.0.20+8-windows-x64\openlogic-openjdk-11.0.20+8-windows-x64\bin\server;C:\Program Files\JetBrains\IntelliJ IDEA Community Edition 2022.3.3\bin;C:\hadoop\bin;C:\Users\Moataz Nasr\AppData\Local\Temp

VM Arguments:
jvm_args: -javaagent:C:\Program Files\JetBrains\IntelliJ IDEA Community Edition 2022.3.3\lib\idea_rt.jar=12568:C:\Program Files\JetBrains\IntelliJ IDEA Community Edition 2022.3.3\bin -Dfile.encoding=UTF-8 
java_command: Demo.HomeOverallProcessing
java_class_path (initial): C:\Users\Moataz Nasr\Downloads\InsightfulLiving-Energy-Tracker\Big-Data\Spark (1)\Spark\target\classes;C:\Users\Moataz Nasr\.m2\repository\org\apache\spark\spark-core_2.12\3.0.1\spark-core_2.12-3.0.1.jar;C:\Users\Moataz Nasr\.m2\repository\com\thoughtworks\paranamer\paranamer\2.8\paranamer-2.8.jar;C:\Users\Moataz Nasr\.m2\repository\org\apache\avro\avro\1.8.2\avro-1.8.2.jar;C:\Users\Moataz Nasr\.m2\repository\org\codehaus\jackson\jackson-core-asl\1.9.13\jackson-core-asl-1.9.13.jar;C:\Users\Moataz Nasr\.m2\repository\org\codehaus\jackson\jackson-mapper-asl\1.9.13\jackson-mapper-asl-1.9.13.jar;C:\Users\Moataz Nasr\.m2\repository\org\apache\commons\commons-compress\1.8.1\commons-compress-1.8.1.jar;C:\Users\Moataz Nasr\.m2\repository\org\tukaani\xz\1.5\xz-1.5.jar;C:\Users\Moataz Nasr\.m2\repository\org\apache\avro\avro-mapred\1.8.2\avro-mapred-1.8.2-hadoop2.jar;C:\Users\Moataz Nasr\.m2\repository\org\apache\avro\avro-ipc\1.8.2\avro-ipc-1.8.2.jar;C:\Users\Moataz Nasr\.m2\repository\commons-codec\commons-codec\1.9\commons-codec-1.9.jar;C:\Users\Moataz Nasr\.m2\repository\com\twitter\chill_2.12\0.9.5\chill_2.12-0.9.5.jar;C:\Users\Moataz Nasr\.m2\repository\com\esotericsoftware\kryo-shaded\4.0.2\kryo-shaded-4.0.2.jar;C:\Users\Moataz Nasr\.m2\repository\com\esotericsoftware\minlog\1.3.0\minlog-1.3.0.jar;C:\Users\Moataz Nasr\.m2\repository\org\objenesis\objenesis\2.5.1\objenesis-2.5.1.jar;C:\Users\Moataz Nasr\.m2\repository\com\twitter\chill-java\0.9.5\chill-java-0.9.5.jar;C:\Users\Moataz Nasr\.m2\repository\org\apache\xbean\xbean-asm7-shaded\4.15\xbean-asm7-shaded-4.15.jar;C:\Users\Moataz Nasr\.m2\repository\org\apache\spark\spark-launcher_2.12\3.0.1\spark-launcher_2.12-3.0.1.jar;C:\Users\Moataz Nasr\.m2\repository\org\apache\spark\spark-kvstore_2.12\3.0.1\spark-kvstore_2.12-3.0.1.jar;C:\Users\Moataz Nasr\.m2\repository\org\fusesource\leveldbjni\leveldbjni-all\1.8\leveldbjni-all-1.8.jar;C:\Users\Moataz Nasr\.m2\repository\com\fasterxml\jackson\co
Launcher Type: SUN_STANDARD

[Global flags]
     intx CICompilerCount                          = 4                                         {product} {ergonomic}
     uint ConcGCThreads                            = 2                                         {product} {ergonomic}
     uint G1ConcRefinementThreads                  = 8                                         {product} {ergonomic}
   size_t G1HeapRegionSize                         = 1048576                                   {product} {ergonomic}
    uintx GCDrainStackTargetSize                   = 64                                        {product} {ergonomic}
   size_t InitialHeapSize                          = 132120576                                 {product} {ergonomic}
   size_t MarkStackSize                            = 4194304                                   {product} {ergonomic}
   size_t MaxHeapSize                              = 2095054848                                {product} {ergonomic}
   size_t MaxNewSize                               = 1256194048                                {product} {ergonomic}
   size_t MinHeapDeltaBytes                        = 1048576                                   {product} {ergonomic}
    uintx NonNMethodCodeHeapSize                   = 5836300                                {pd product} {ergonomic}
    uintx NonProfiledCodeHeapSize                  = 122910970                              {pd product} {ergonomic}
    uintx ProfiledCodeHeapSize                     = 122910970                              {pd product} {ergonomic}
    uintx ReservedCodeCacheSize                    = 251658240                              {pd product} {ergonomic}
     bool SegmentedCodeCache                       = true                                      {product} {ergonomic}
     bool UseCompressedClassPointers               = true                                 {lp64_product} {ergonomic}
     bool UseCompressedOops                        = true                                 {lp64_product} {ergonomic}
     bool UseG1GC                                  = true                                      {product} {ergonomic}
     bool UseLargePagesIndividualAllocation        = false                                  {pd product} {ergonomic}

Logging:
Log output configuration:
 #0: stdout all=warning uptime,level,tags
 #1: stderr all=off uptime,level,tags

Environment Variables:
JAVA_HOME=C:\Program Files\OpenLogic\jdk-8.0.392.08-hotspot
PATH=C:\Program Files\OpenLogic\jdk-8.0.392.08-hotspot\bin;C:\Program Files (x86)\Common Files\Oracle\Java\javapath;C:\Program Files\Common Files\Oracle\Java\javapath;C:\Windows\system32;C:\Windows;C:\Windows\System32\Wbem;C:\Windows\System32\WindowsPowerShell\v1.0\;C:\Windows\System32\OpenSSH\;C:\Program Files (x86)\NVIDIA Corporation\PhysX\Common;C:\Program Files\NVIDIA Corporation\NVIDIA NvDLISR;C:\WINDOWS\system32;C:\WINDOWS;C:\WINDOWS\System32\Wbem;C:\WINDOWS\System32\WindowsPowerShell\v1.0\;C:\WINDOWS\System32\OpenSSH\;C:\Program Files\Git\cmd;C:\Program Files\nodejs\;C:\Program Files\Microsoft SQL Server\Client SDK\ODBC\170\Tools\Binn\;C:\Program Files (x86)\Microsoft SQL Server\150\Tools\Binn\;C:\Program Files\Microsoft SQL Server\150\Tools\Binn\;C:\Program Files\Microsoft SQL Server\150\DTS\Binn\;C:\Program Files (x86)\Microsoft SQL Server\150\DTS\Binn\;C:\Program Files\Azure Data Studio\bin;C:\Program Files\dotnet\;C:\Program Files\Microsoft SQL Server\130\DTS\Binn\;C:\Program Files\Microsoft SQL Server\140\DTS\Binn\;C:\Program Files\Microsoft SQL Server\160\DTS\Binn\;C:\Users\Moataz Nasr\AppData\Local\Programs\Python\Python311\Scripts\;C:\Users\Moataz Nasr\AppData\Local\Programs\Python\Python311\;C:\Users\Moataz Nasr\AppData\Local\Microsoft\WindowsApps;C:\Users\Moataz Nasr\AppData\Local\Programs\Microsoft VS Code\bin;C:\Users\Moataz Nasr\AppData\Roaming\npm;C:\Program Files\Azure Data Studio\bin;C:\Users\Moataz Nasr\.dotnet\tools;C:\Program Files\Java\jdk-20\bin;C:\hadoop\bin;
USERNAME=Moataz Nasr
OS=Windows_NT
PROCESSOR_IDENTIFIER=Intel64 Family 6 Model 142 Stepping 12, GenuineIntel
TMP=C:\Users\MOATAZ~1\AppData\Local\Temp
TEMP=C:\Users\MOATAZ~1\AppData\Local\Temp



---------------  S Y S T E M  ---------------

OS: Windows 11 , 64 bit Build 22621 (10.0.22621.3374)
OS uptime: 1 days 5:02 hours

CPU:total 8 (initial active 8) (4 cores per cpu, 2 threads per core) family 6 model 142 stepping 12 microcode 0xea, cmov, cx8, fxsr, mmx, sse, sse2, sse3, ssse3, sse4.1, sse4.2, popcnt, avx, avx2, aes, clmul, erms, 3dnowpref, lzcnt, ht, tsc, tscinvbit, bmi1, bmi2, adx, fma

Memory: 4k page, system-wide physical 7991M (27M free)
TotalPageFile size 32567M (AvailPageFile size 0M)
current process WorkingSet (physical memory assigned to process): 247M, peak: 354M
current process commit charge ("private bytes"): 442M, peak: 449M

vm_info: OpenJDK 64-Bit Server VM (11.0.20+8-adhoc..jdk11u) for windows-amd64 JRE (11.0.20+8-adhoc..jdk11u), built on Jul 19 2023 08:50:17 by "" with MS VC++ 16.10 / 16.11 (VS2019)

END.
